<?xml version="1.0" encoding="UTF-8"?>
<testsuite name="org.apache.flink.api.java.type.extractor.TypeExtractorTest" time="0.137" tests="49" errors="0" skipped="0" failures="0">
  <properties>
    <property name="java.runtime.name" value="OpenJDK Runtime Environment"/>
    <property name="sun.boot.library.path" value="/usr/lib/jvm/java-6-openjdk-amd64/jre/lib/amd64"/>
    <property name="java.vm.version" value="23.25-b01"/>
    <property name="java.vm.vendor" value="Sun Microsystems Inc."/>
    <property name="java.vendor.url" value="http://java.sun.com/"/>
    <property name="path.separator" value=":"/>
    <property name="guice.disable.misplaced.annotation.check" value="true"/>
    <property name="java.vm.name" value="OpenJDK 64-Bit Server VM"/>
    <property name="file.encoding.pkg" value="sun.io"/>
    <property name="user.country" value="US"/>
    <property name="sun.java.launcher" value="SUN_STANDARD"/>
    <property name="sun.os.patch.level" value="unknown"/>
    <property name="java.vm.specification.name" value="Java Virtual Machine Specification"/>
    <property name="user.dir" value="/home/travis/build/apache/incubator-flink"/>
    <property name="java.runtime.version" value="1.6.0_32-b32"/>
    <property name="java.awt.graphicsenv" value="sun.awt.X11GraphicsEnvironment"/>
    <property name="java.endorsed.dirs" value="/usr/lib/jvm/java-6-openjdk-amd64/jre/lib/endorsed"/>
    <property name="os.arch" value="amd64"/>
    <property name="java.io.tmpdir" value="/tmp"/>
    <property name="line.separator" value="&#10;"/>
    <property name="java.vm.specification.vendor" value="Sun Microsystems Inc."/>
    <property name="os.name" value="Linux"/>
    <property name="classworlds.conf" value="/usr/local/maven/bin/m2.conf"/>
    <property name="sun.jnu.encoding" value="UTF-8"/>
    <property name="java.library.path" value="/usr/lib/jvm/java-6-openjdk-amd64/jre/lib/amd64/server:/usr/lib/jvm/java-6-openjdk-amd64/jre/lib/amd64:/usr/lib/jvm/java-6-openjdk-amd64/jre/../lib/amd64:/home/travis/.gvm/pkgsets/go1.3.1/global/overlay/lib:/home/travis/.gvm/pkgsets/go1.3.1/global/overlay/lib::/usr/java/packages/lib/amd64:/usr/lib/x86_64-linux-gnu/jni:/lib/x86_64-linux-gnu:/usr/lib/x86_64-linux-gnu:/usr/lib/jni:/lib:/usr/lib"/>
    <property name="java.specification.name" value="Java Platform API Specification"/>
    <property name="java.class.version" value="50.0"/>
    <property name="sun.management.compiler" value="HotSpot 64-Bit Tiered Compilers"/>
    <property name="maven.repo.local" value="/home/travis/.m2/repository"/>
    <property name="os.version" value="2.6.32-042stab090.5"/>
    <property name="user.home" value="/home/travis"/>
    <property name="user.timezone" value="Etc/UTC"/>
    <property name="java.awt.printerjob" value="sun.print.PSPrinterJob"/>
    <property name="file.encoding" value="UTF-8"/>
    <property name="java.specification.version" value="1.6"/>
    <property name="user.name" value="travis"/>
    <property name="java.class.path" value="/usr/local/maven/boot/plexus-classworlds-2.5.1.jar"/>
    <property name="java.vm.specification.version" value="1.0"/>
    <property name="sun.arch.data.model" value="64"/>
    <property name="java.home" value="/usr/lib/jvm/java-6-openjdk-amd64/jre"/>
    <property name="sun.java.command" value="org.codehaus.plexus.classworlds.launcher.Launcher -B clean verify"/>
    <property name="java.specification.vendor" value="Sun Microsystems Inc."/>
    <property name="user.language" value="en"/>
    <property name="java.vm.info" value="mixed mode"/>
    <property name="java.version" value="1.6.0_32"/>
    <property name="java.ext.dirs" value="/usr/lib/jvm/java-6-openjdk-amd64/jre/lib/ext:/usr/java/packages/lib/ext"/>
    <property name="securerandom.source" value="file:/dev/./urandom"/>
    <property name="sun.boot.class.path" value="/usr/lib/jvm/java-6-openjdk-amd64/jre/lib/resources.jar:/usr/lib/jvm/java-6-openjdk-amd64/jre/lib/rt.jar:/usr/lib/jvm/java-6-openjdk-amd64/jre/lib/sunrsasign.jar:/usr/lib/jvm/java-6-openjdk-amd64/jre/lib/jsse.jar:/usr/lib/jvm/java-6-openjdk-amd64/jre/lib/jce.jar:/usr/lib/jvm/java-6-openjdk-amd64/jre/lib/charsets.jar:/usr/lib/jvm/java-6-openjdk-amd64/jre/lib/jfr.jar:/usr/lib/jvm/java-6-openjdk-amd64/jre/lib/netx.jar:/usr/lib/jvm/java-6-openjdk-amd64/jre/lib/plugin.jar:/usr/lib/jvm/java-6-openjdk-amd64/jre/lib/rhino.jar:/usr/lib/jvm/java-6-openjdk-amd64/jre/classes"/>
    <property name="java.vendor" value="Sun Microsystems Inc."/>
    <property name="maven.home" value="/usr/local/maven"/>
    <property name="file.separator" value="/"/>
    <property name="java.vendor.url.bug" value="http://java.sun.com/cgi-bin/bugreport.cgi"/>
    <property name="sun.cpu.endian" value="little"/>
    <property name="sun.io.unicode.encoding" value="UnicodeLittle"/>
    <property name="sun.cpu.isalist" value=""/>
  </properties>
  <testcase name="testSubclassOfTuple" classname="org.apache.flink.api.java.type.extractor.TypeExtractorTest" time="0.011"/>
  <testcase name="testFunctionDependingOnInputWithTupleInput" classname="org.apache.flink.api.java.type.extractor.TypeExtractorTest" time="0.002"/>
  <testcase name="testFunctionDependingOnInputWithTupleInputWithTypeMismatch" classname="org.apache.flink.api.java.type.extractor.TypeExtractorTest" time="0.001"/>
  <testcase name="testBasicArray2" classname="org.apache.flink.api.java.type.extractor.TypeExtractorTest" time="0.003"/>
  <testcase name="testNestedTupleGenerics" classname="org.apache.flink.api.java.type.extractor.TypeExtractorTest" time="0.013"/>
  <testcase name="testBasicArray" classname="org.apache.flink.api.java.type.extractor.TypeExtractorTest" time="0.012"/>
  <testcase name="testCustomArrayWithTypeVariable" classname="org.apache.flink.api.java.type.extractor.TypeExtractorTest" time="0.002"/>
  <testcase name="testParamertizedCustomObject" classname="org.apache.flink.api.java.type.extractor.TypeExtractorTest" time="0.005"/>
  <testcase name="testFunctionDependingOnInputFromInput" classname="org.apache.flink.api.java.type.extractor.TypeExtractorTest" time="0.001"/>
  <testcase name="testGenericsInDirectSuperclass" classname="org.apache.flink.api.java.type.extractor.TypeExtractorTest" time="0.008"/>
  <testcase name="testMissingTupleGenericsException" classname="org.apache.flink.api.java.type.extractor.TypeExtractorTest" time="0.001"/>
  <testcase name="testValue" classname="org.apache.flink.api.java.type.extractor.TypeExtractorTest" time="0.002"/>
  <testcase name="testTupleArray" classname="org.apache.flink.api.java.type.extractor.TypeExtractorTest" time="0.003"/>
  <testcase name="testBasicType" classname="org.apache.flink.api.java.type.extractor.TypeExtractorTest" time="0.003"/>
  <testcase name="testResultTypeQueryable" classname="org.apache.flink.api.java.type.extractor.TypeExtractorTest" time="0.001"/>
  <testcase name="testFunctionDependingPartialOnInput2" classname="org.apache.flink.api.java.type.extractor.TypeExtractorTest" time="0.002"/>
  <testcase name="testValueSupertypeException" classname="org.apache.flink.api.java.type.extractor.TypeExtractorTest" time="0.001"/>
  <testcase name="testWritableType" classname="org.apache.flink.api.java.type.extractor.TypeExtractorTest" time="0.004"/>
  <testcase name="testExtractKeySelector" classname="org.apache.flink.api.java.type.extractor.TypeExtractorTest" time="0.002"/>
  <testcase name="testInputMismatchExceptions" classname="org.apache.flink.api.java.type.extractor.TypeExtractorTest" time="0.007"/>
  <testcase name="testFunctionDependingOnInputWithMissingInput" classname="org.apache.flink.api.java.type.extractor.TypeExtractorTest" time="0.001"/>
  <testcase name="testChainedGenericsNotInSuperclass" classname="org.apache.flink.api.java.type.extractor.TypeExtractorTest" time="0.003"/>
  <testcase name="testSameGenericVariable" classname="org.apache.flink.api.java.type.extractor.TypeExtractorTest" time="0.002"/>
  <testcase name="testFunctionDependingOnInputWithFunctionHierarchy2" classname="org.apache.flink.api.java.type.extractor.TypeExtractorTest" time="0.001"/>
  <testcase name="testFunctionDependingOnInputException" classname="org.apache.flink.api.java.type.extractor.TypeExtractorTest" time="0.001"/>
  <testcase name="testTupleSupertype" classname="org.apache.flink.api.java.type.extractor.TypeExtractorTest" time="0.001"/>
  <testcase name="testFunctionDependingOnInputWithFunctionHierarchy" classname="org.apache.flink.api.java.type.extractor.TypeExtractorTest" time="0.001"/>
  <testcase name="testFunctionWithMissingGenerics" classname="org.apache.flink.api.java.type.extractor.TypeExtractorTest" time="0"/>
  <testcase name="testGenericsNotInSuperclass" classname="org.apache.flink.api.java.type.extractor.TypeExtractorTest" time="0.002"/>
  <testcase name="testFunctionInputInOutputMultipleTimes2" classname="org.apache.flink.api.java.type.extractor.TypeExtractorTest" time="0.001"/>
  <testcase name="testGenericsNotInSuperclassWithNonGenericClassAtEnd" classname="org.apache.flink.api.java.type.extractor.TypeExtractorTest" time="0.002"/>
  <testcase name="testTypeErasureException" classname="org.apache.flink.api.java.type.extractor.TypeExtractorTest" time="0.002"/>
  <testcase name="testTupleWithCustomType" classname="org.apache.flink.api.java.type.extractor.TypeExtractorTest" time="0.003"/>
  <testcase name="testParameterizedArrays" classname="org.apache.flink.api.java.type.extractor.TypeExtractorTest" time="0.002"/>
  <testcase name="testTupleWithTuples" classname="org.apache.flink.api.java.type.extractor.TypeExtractorTest" time="0.004"/>
  <testcase name="testInterface" classname="org.apache.flink.api.java.type.extractor.TypeExtractorTest" time="0.001"/>
  <testcase name="testTupleWithBasicTypes" classname="org.apache.flink.api.java.type.extractor.TypeExtractorTest" time="0.003"/>
  <testcase name="testFunctionDependingPartialOnInput" classname="org.apache.flink.api.java.type.extractor.TypeExtractorTest" time="0.002"/>
  <testcase name="testFunctionDependingOnInputWithCustomTupleInput" classname="org.apache.flink.api.java.type.extractor.TypeExtractorTest" time="0.001"/>
  <testcase name="testFunctionInputInOutputMultipleTimes" classname="org.apache.flink.api.java.type.extractor.TypeExtractorTest" time="0.001"/>
  <testcase name="testFunctionWithNoGenericSuperclass" classname="org.apache.flink.api.java.type.extractor.TypeExtractorTest" time="0"/>
  <testcase name="testFunctionDependingOnInputAsSuperclass" classname="org.apache.flink.api.java.type.extractor.TypeExtractorTest" time="0.001"/>
  <testcase name="testCustomArray" classname="org.apache.flink.api.java.type.extractor.TypeExtractorTest" time="0.002"/>
  <testcase name="testTupleOfValues" classname="org.apache.flink.api.java.type.extractor.TypeExtractorTest" time="0.003"/>
  <testcase name="testCustomType" classname="org.apache.flink.api.java.type.extractor.TypeExtractorTest" time="0.003"/>
  <testcase name="testNestedTupleGenerics2" classname="org.apache.flink.api.java.type.extractor.TypeExtractorTest" time="0.005"/>
  <testcase name="testTupleWithPrimitiveArray" classname="org.apache.flink.api.java.type.extractor.TypeExtractorTest" time="0.003"/>
  <testcase name="testFunction" classname="org.apache.flink.api.java.type.extractor.TypeExtractorTest" time="0.001"/>
  <testcase name="testAbstractAndInterfaceTypesException" classname="org.apache.flink.api.java.type.extractor.TypeExtractorTest" time="0.001"/>
</testsuite>