<?xml version="1.0" encoding="UTF-8"?>
<testsuite name="org.apache.flink.api.java.operator.JoinOperatorTest" time="0.012" tests="29" errors="0" skipped="4" failures="0">
  <properties>
    <property name="java.runtime.name" value="OpenJDK Runtime Environment"/>
    <property name="sun.boot.library.path" value="/usr/lib/jvm/java-6-openjdk-amd64/jre/lib/amd64"/>
    <property name="java.vm.version" value="23.25-b01"/>
    <property name="java.vm.vendor" value="Sun Microsystems Inc."/>
    <property name="java.vendor.url" value="http://java.sun.com/"/>
    <property name="path.separator" value=":"/>
    <property name="guice.disable.misplaced.annotation.check" value="true"/>
    <property name="java.vm.name" value="OpenJDK 64-Bit Server VM"/>
    <property name="file.encoding.pkg" value="sun.io"/>
    <property name="user.country" value="US"/>
    <property name="sun.java.launcher" value="SUN_STANDARD"/>
    <property name="sun.os.patch.level" value="unknown"/>
    <property name="java.vm.specification.name" value="Java Virtual Machine Specification"/>
    <property name="user.dir" value="/home/travis/build/apache/incubator-flink"/>
    <property name="java.runtime.version" value="1.6.0_32-b32"/>
    <property name="java.awt.graphicsenv" value="sun.awt.X11GraphicsEnvironment"/>
    <property name="java.endorsed.dirs" value="/usr/lib/jvm/java-6-openjdk-amd64/jre/lib/endorsed"/>
    <property name="os.arch" value="amd64"/>
    <property name="java.io.tmpdir" value="/tmp"/>
    <property name="line.separator" value="&#10;"/>
    <property name="java.vm.specification.vendor" value="Sun Microsystems Inc."/>
    <property name="os.name" value="Linux"/>
    <property name="classworlds.conf" value="/usr/local/maven/bin/m2.conf"/>
    <property name="sun.jnu.encoding" value="UTF-8"/>
    <property name="java.library.path" value="/usr/lib/jvm/java-6-openjdk-amd64/jre/lib/amd64/server:/usr/lib/jvm/java-6-openjdk-amd64/jre/lib/amd64:/usr/lib/jvm/java-6-openjdk-amd64/jre/../lib/amd64:/home/travis/.gvm/pkgsets/go1.3.1/global/overlay/lib:/home/travis/.gvm/pkgsets/go1.3.1/global/overlay/lib::/usr/java/packages/lib/amd64:/usr/lib/x86_64-linux-gnu/jni:/lib/x86_64-linux-gnu:/usr/lib/x86_64-linux-gnu:/usr/lib/jni:/lib:/usr/lib"/>
    <property name="java.specification.name" value="Java Platform API Specification"/>
    <property name="java.class.version" value="50.0"/>
    <property name="sun.management.compiler" value="HotSpot 64-Bit Tiered Compilers"/>
    <property name="maven.repo.local" value="/home/travis/.m2/repository"/>
    <property name="os.version" value="2.6.32-042stab090.5"/>
    <property name="user.home" value="/home/travis"/>
    <property name="user.timezone" value="Etc/UTC"/>
    <property name="java.awt.printerjob" value="sun.print.PSPrinterJob"/>
    <property name="file.encoding" value="UTF-8"/>
    <property name="java.specification.version" value="1.6"/>
    <property name="user.name" value="travis"/>
    <property name="java.class.path" value="/usr/local/maven/boot/plexus-classworlds-2.5.1.jar"/>
    <property name="java.vm.specification.version" value="1.0"/>
    <property name="sun.arch.data.model" value="64"/>
    <property name="java.home" value="/usr/lib/jvm/java-6-openjdk-amd64/jre"/>
    <property name="sun.java.command" value="org.codehaus.plexus.classworlds.launcher.Launcher -B clean verify"/>
    <property name="java.specification.vendor" value="Sun Microsystems Inc."/>
    <property name="user.language" value="en"/>
    <property name="java.vm.info" value="mixed mode"/>
    <property name="java.version" value="1.6.0_32"/>
    <property name="java.ext.dirs" value="/usr/lib/jvm/java-6-openjdk-amd64/jre/lib/ext:/usr/java/packages/lib/ext"/>
    <property name="securerandom.source" value="file:/dev/./urandom"/>
    <property name="sun.boot.class.path" value="/usr/lib/jvm/java-6-openjdk-amd64/jre/lib/resources.jar:/usr/lib/jvm/java-6-openjdk-amd64/jre/lib/rt.jar:/usr/lib/jvm/java-6-openjdk-amd64/jre/lib/sunrsasign.jar:/usr/lib/jvm/java-6-openjdk-amd64/jre/lib/jsse.jar:/usr/lib/jvm/java-6-openjdk-amd64/jre/lib/jce.jar:/usr/lib/jvm/java-6-openjdk-amd64/jre/lib/charsets.jar:/usr/lib/jvm/java-6-openjdk-amd64/jre/lib/jfr.jar:/usr/lib/jvm/java-6-openjdk-amd64/jre/lib/netx.jar:/usr/lib/jvm/java-6-openjdk-amd64/jre/lib/plugin.jar:/usr/lib/jvm/java-6-openjdk-amd64/jre/lib/rhino.jar:/usr/lib/jvm/java-6-openjdk-amd64/jre/classes"/>
    <property name="java.vendor" value="Sun Microsystems Inc."/>
    <property name="maven.home" value="/usr/local/maven"/>
    <property name="file.separator" value="/"/>
    <property name="java.vendor.url.bug" value="http://java.sun.com/cgi-bin/bugreport.cgi"/>
    <property name="sun.cpu.endian" value="little"/>
    <property name="sun.io.unicode.encoding" value="UnicodeLittle"/>
    <property name="sun.cpu.isalist" value=""/>
  </properties>
  <testcase name="testJoinProjection10" classname="org.apache.flink.api.java.operator.JoinOperatorTest" time="0.001"/>
  <testcase name="testJoinProjection11" classname="org.apache.flink.api.java.operator.JoinOperatorTest" time="0"/>
  <testcase name="testJoinProjection12" classname="org.apache.flink.api.java.operator.JoinOperatorTest" time="0"/>
  <testcase name="testJoinProjection13" classname="org.apache.flink.api.java.operator.JoinOperatorTest" time="0.001"/>
  <testcase name="testJoinProjection14" classname="org.apache.flink.api.java.operator.JoinOperatorTest" time="0"/>
  <testcase name="testJoinKeyMixing1" classname="org.apache.flink.api.java.operator.JoinOperatorTest" time="0.001"/>
  <testcase name="testJoinKeyMixing2" classname="org.apache.flink.api.java.operator.JoinOperatorTest" time="0.001"/>
  <testcase name="testJoinKeyMixing3" classname="org.apache.flink.api.java.operator.JoinOperatorTest" time="0.001"/>
  <testcase name="testJoinKeyMixing4" classname="org.apache.flink.api.java.operator.JoinOperatorTest" time="0.001"/>
  <testcase name="testJoinKeySelectors1" classname="org.apache.flink.api.java.operator.JoinOperatorTest" time="0.001"/>
  <testcase name="testJoinKeyFields1" classname="org.apache.flink.api.java.operator.JoinOperatorTest" time="0"/>
  <testcase name="testJoinKeyFields2" classname="org.apache.flink.api.java.operator.JoinOperatorTest" time="0.001"/>
  <testcase name="testJoinKeyFields3" classname="org.apache.flink.api.java.operator.JoinOperatorTest" time="0"/>
  <testcase name="testJoinKeyFields4" classname="org.apache.flink.api.java.operator.JoinOperatorTest" time="0"/>
  <testcase name="testJoinKeyFields5" classname="org.apache.flink.api.java.operator.JoinOperatorTest" time="0"/>
  <testcase name="testJoinKeyFields6" classname="org.apache.flink.api.java.operator.JoinOperatorTest" time="0"/>
  <testcase name="testJoinProjection1" classname="org.apache.flink.api.java.operator.JoinOperatorTest" time="0.001"/>
  <testcase name="testJoinProjection2" classname="org.apache.flink.api.java.operator.JoinOperatorTest" time="0"/>
  <testcase name="testJoinProjection3" classname="org.apache.flink.api.java.operator.JoinOperatorTest" time="0"/>
  <testcase name="testJoinProjection4" classname="org.apache.flink.api.java.operator.JoinOperatorTest" time="0"/>
  <testcase name="testJoinProjection5" classname="org.apache.flink.api.java.operator.JoinOperatorTest" time="0"/>
  <testcase name="testJoinProjection6" classname="org.apache.flink.api.java.operator.JoinOperatorTest" time="0.002"/>
  <testcase name="testJoinProjection7" classname="org.apache.flink.api.java.operator.JoinOperatorTest" time="0"/>
  <testcase name="testJoinProjection8" classname="org.apache.flink.api.java.operator.JoinOperatorTest" time="0.001"/>
  <testcase name="testJoinProjection9" classname="org.apache.flink.api.java.operator.JoinOperatorTest" time="0"/>
  <testcase name="testJoinKeyExpressions1" classname="org.apache.flink.api.java.operator.JoinOperatorTest" time="0">
    <skipped/>
  </testcase>
  <testcase name="testJoinKeyExpressions2" classname="org.apache.flink.api.java.operator.JoinOperatorTest" time="0">
    <skipped/>
  </testcase>
  <testcase name="testJoinKeyExpressions3" classname="org.apache.flink.api.java.operator.JoinOperatorTest" time="0">
    <skipped/>
  </testcase>
  <testcase name="testJoinKeyExpressions4" classname="org.apache.flink.api.java.operator.JoinOperatorTest" time="0">
    <skipped/>
  </testcase>
</testsuite>